<?xml version="1.0" encoding="UTF-8" ?>
<testsuite tests="37" failures="0" name="net.opentsdb.tsd.TestKafkaRpcPluginThread" time="11.961" errors="0" skipped="0">
  <properties>
[...]
</properties>
  <testcase classname="net.opentsdb.tsd.TestKafkaRpcPluginThread" name="shutdown" time="2.298"/>
  <testcase classname="net.opentsdb.tsd.TestKafkaRpcPluginThread" name="ctor" time="0.221"/>
  <testcase classname="net.opentsdb.tsd.TestKafkaRpcPluginThread" name="ctorNullGroup" time="0.215"/>
  <testcase classname="net.opentsdb.tsd.TestKafkaRpcPluginThread" name="ctorNullTSDB" time="0.2"/>
  <testcase classname="net.opentsdb.tsd.TestKafkaRpcPluginThread" name="ctorNullRateLimiter" time="0.211"/>
  <testcase classname="net.opentsdb.tsd.TestKafkaRpcPluginThread" name="ctorNullGroupID" time="0.186"/>
  <testcase classname="net.opentsdb.tsd.TestKafkaRpcPluginThread" name="ctorEmptyGroupID" time="0.183"/>
  <testcase classname="net.opentsdb.tsd.TestKafkaRpcPluginThread" name="ctorNullHost" time="0.174"/>
  <testcase classname="net.opentsdb.tsd.TestKafkaRpcPluginThread" name="ctorEmptyHost" time="0.188"/>
  <testcase classname="net.opentsdb.tsd.TestKafkaRpcPluginThread" name="ctorNullTopics" time="0.169"/>
  <testcase classname="net.opentsdb.tsd.TestKafkaRpcPluginThread" name="ctorEmptyTopics" time="0.168"/>
  <testcase classname="net.opentsdb.tsd.TestKafkaRpcPluginThread" name="ctorNegativeThreadID" time="0.191"/>
  <testcase classname="net.opentsdb.tsd.TestKafkaRpcPluginThread" name="ctorRequeue" time="0.167"/>
  <testcase classname="net.opentsdb.tsd.TestKafkaRpcPluginThread" name="ctorRequeueOverride" time="0.159"/>
  <testcase classname="net.opentsdb.tsd.TestKafkaRpcPluginThread" name="ctorRequeueOverrideBadValue" time="0.189"/>
  <testcase classname="net.opentsdb.tsd.TestKafkaRpcPluginThread" name="buildConsumerPropertiesDefaults" time="0.238"/>
  <testcase classname="net.opentsdb.tsd.TestKafkaRpcPluginThread" name="buildConsumerPropertiesGroupOverride" time="0.245"/>
  <testcase classname="net.opentsdb.tsd.TestKafkaRpcPluginThread" name="buildConsumerConnector" time="0.133"/>
  <testcase classname="net.opentsdb.tsd.TestKafkaRpcPluginThread" name="runNoData" time="0.351"/>
  <testcase classname="net.opentsdb.tsd.TestKafkaRpcPluginThread" name="runNoDataRestart" time="0.195"/>
  <testcase classname="net.opentsdb.tsd.TestKafkaRpcPluginThread" name="runNoStreams" time="0.157"/>
  <testcase classname="net.opentsdb.tsd.TestKafkaRpcPluginThread" name="runGoodMessageRaw" time="0.729"/>
  <testcase classname="net.opentsdb.tsd.TestKafkaRpcPluginThread" name="runGoodMessageRawList" time="0.329"/>
  <testcase classname="net.opentsdb.tsd.TestKafkaRpcPluginThread" name="runGoodMessageRequeueRaw" time="0.297"/>
  <testcase classname="net.opentsdb.tsd.TestKafkaRpcPluginThread" name="runGoodMessageRequeueRawList" time="0.274"/>
  <testcase classname="net.opentsdb.tsd.TestKafkaRpcPluginThread" name="runEmptyData" time="0.251"/>
  <testcase classname="net.opentsdb.tsd.TestKafkaRpcPluginThread" name="runEmptyMetric" time="0.168"/>
  <testcase classname="net.opentsdb.tsd.TestKafkaRpcPluginThread" name="runStorageFailure" time="0.166"/>
  <testcase classname="net.opentsdb.tsd.TestKafkaRpcPluginThread" name="runRequeueWTF" time="0.153"/>
  <testcase classname="net.opentsdb.tsd.TestKafkaRpcPluginThread" name="runRequeueThrottling" time="0.186"/>
  <testcase classname="net.opentsdb.tsd.TestKafkaRpcPluginThread" name="runTooManyRuntimeException" time="0.181"/>
  <testcase classname="net.opentsdb.tsd.TestKafkaRpcPluginThread" name="runIteratorHasNextRuntimeException" time="0.155"/>
  <testcase classname="net.opentsdb.tsd.TestKafkaRpcPluginThread" name="runIteratorHasNextException" time="0.089"/>
  <testcase classname="net.opentsdb.tsd.TestKafkaRpcPluginThread" name="runIteratorNextRuntimeException" time="0.164"/>
  <testcase classname="net.opentsdb.tsd.TestKafkaRpcPluginThread" name="runIteratorNextException" time="0.099"/>
  <testcase classname="net.opentsdb.tsd.TestKafkaRpcPluginThread" name="runConsumerRuntimeException" time="0.123"/>
  <testcase classname="net.opentsdb.tsd.TestKafkaRpcPluginThread" name="runConsumerException" time="0.108"/>
</testsuite>